2025-09-30 01:32:15,693 - __main__ - WARNING - PostgreSQL driver (psycopg2) not available - running in demo mode
2025-09-30 01:32:15,693 - __main__ - INFO - Core dependencies are available
2025-09-30 01:32:15,766 - __main__ - INFO - Theme light applied successfully
2025-09-30 01:32:15,767 - __main__ - INFO - No translation file found, using default language
2025-09-30 01:32:15,786 - database.database_manager - INFO - Running in demo mode (no database connection)
2025-09-30 01:32:15,786 - __main__ - INFO - Database connected successfully
2025-09-30 01:32:15,786 - database.database_manager - INFO - Demo mode: Table creation simulated
2025-09-30 01:32:15,786 - __main__ - INFO - Database tables created/verified successfully
2025-09-30 01:32:15,786 - __main__ - INFO - Starting Faran Payroll System...
2025-09-30 01:32:16,221 - __main__ - INFO - Login window displayed successfully
2025-09-30 01:32:45,949 - ui.login_window - INFO - User admin logged in successfully
2025-09-30 01:32:46,101 - __main__ - ERROR - Error showing main window: 'NoneType' object has no attribute 'setLayout'
2025-09-30 01:32:47,321 - __main__ - INFO - Application cleanup completed
2025-09-30 01:38:27,397 - __main__ - WARNING - PostgreSQL driver (psycopg2) not available - running in demo mode
2025-09-30 01:38:27,397 - __main__ - INFO - Core dependencies are available
2025-09-30 01:38:27,420 - __main__ - INFO - Theme light applied successfully
2025-09-30 01:38:27,421 - __main__ - INFO - No translation file found, using default language
2025-09-30 01:38:27,421 - database.database_manager - INFO - Running in demo mode (no database connection)
2025-09-30 01:38:27,422 - __main__ - INFO - Database connected successfully
2025-09-30 01:38:27,422 - database.database_manager - INFO - Demo mode: Table creation simulated
2025-09-30 01:38:27,422 - __main__ - INFO - Database tables created/verified successfully
2025-09-30 01:38:27,422 - __main__ - INFO - Starting Faran Payroll System...
2025-09-30 01:38:28,028 - __main__ - INFO - Login window displayed successfully
2025-09-30 01:38:31,776 - __main__ - INFO - Application exited with code: 0
2025-09-30 01:38:31,777 - __main__ - INFO - Application cleanup completed
2025-09-30 01:46:38,895 - __main__ - WARNING - PostgreSQL driver (psycopg2) not available - running in demo mode
2025-09-30 01:46:38,895 - __main__ - INFO - Core dependencies are available
2025-09-30 01:46:38,916 - __main__ - INFO - Theme light applied successfully
2025-09-30 01:46:38,916 - __main__ - INFO - No translation file found, using default language
2025-09-30 01:46:38,917 - database.database_manager - INFO - Running in demo mode (no database connection)
2025-09-30 01:46:38,917 - __main__ - INFO - Database connected successfully
2025-09-30 01:46:38,918 - database.database_manager - INFO - Demo mode: Table creation simulated
2025-09-30 01:46:38,918 - __main__ - INFO - Database tables created/verified successfully
2025-09-30 01:46:38,918 - __main__ - INFO - Starting Faran Payroll System...
2025-09-30 01:46:39,045 - __main__ - INFO - Login window displayed successfully
2025-09-30 01:46:54,007 - ui.login_window - INFO - User admin logged in successfully
2025-09-30 01:46:54,007 - __main__ - INFO - Attempting to show main window...
2025-09-30 01:46:54,007 - __main__ - INFO - Closing login window...
2025-09-30 01:46:54,054 - __main__ - INFO - Creating main window instance...
2025-09-30 01:46:54,164 - ui.personnel_window - ERROR - Error loading personnel data: When calling fromgregorian(date=) the parameter should be a date like object.
2025-09-30 01:46:56,165 - __main__ - ERROR - Error showing main window: 'NoneType' object has no attribute 'setLayout'
Traceback (most recent call last):
  File "C:\Users\H H\Desktop\faran-payroll\main.py", line 133, in show_main_window
    self.main_window = MainWindow()
                       ~~~~~~~~~~^^
  File "C:\Users\H H\Desktop\faran-payroll\ui\main_window.py", line 24, in __init__
    self.setup_ui()
    ~~~~~~~~~~~~~^^
  File "C:\Users\H H\Desktop\faran-payroll\ui\main_window.py", line 42, in setup_ui
    self.setup_content_area(main_layout)
    ~~~~~~~~~~~~~~~~~~~~~~~^^^^^^^^^^^^^
  File "C:\Users\H H\Desktop\faran-payroll\ui\main_window.py", line 179, in setup_content_area
    'attendance': AttendanceWindow(),
                  ~~~~~~~~~~~~~~~~^^
  File "C:\Users\H H\Desktop\faran-payroll\ui\attendance_window.py", line 23, in __init__
    self.setup_ui()
    ~~~~~~~~~~~~~^^
  File "C:\Users\H H\Desktop\faran-payroll\ui\attendance_window.py", line 54, in setup_ui
    self.centralWidget().setLayout(main_layout)
    ^^^^^^^^^^^^^^^^^^^^^^^^^^^^^^
AttributeError: 'NoneType' object has no attribute 'setLayout'
2025-09-30 01:46:57,780 - __main__ - INFO - Application cleanup completed
2025-09-30 01:56:25,396 - __main__ - WARNING - PostgreSQL driver (psycopg2) not available - running in demo mode
2025-09-30 01:56:25,397 - __main__ - INFO - Core dependencies are available
2025-09-30 01:56:25,419 - __main__ - INFO - Theme light applied successfully
2025-09-30 01:56:25,419 - __main__ - INFO - No translation file found, using default language
2025-09-30 01:56:25,420 - database.database_manager - INFO - Running in demo mode (no database connection)
2025-09-30 01:56:25,420 - __main__ - INFO - Database connected successfully
2025-09-30 01:56:25,421 - database.database_manager - INFO - Demo mode: Table creation simulated
2025-09-30 01:56:25,421 - __main__ - INFO - Database tables created/verified successfully
2025-09-30 01:56:25,421 - __main__ - INFO - Starting Faran Payroll System...
2025-09-30 01:56:26,022 - __main__ - INFO - Login window displayed successfully
2025-09-30 01:56:44,486 - ui.login_window - INFO - User admin logged in successfully
2025-09-30 01:56:44,487 - __main__ - INFO - Attempting to show main window...
2025-09-30 01:56:44,487 - __main__ - INFO - Closing login window...
2025-09-30 01:56:44,521 - __main__ - INFO - Creating main window instance...
2025-09-30 01:56:44,624 - ui.personnel_window - ERROR - Error loading personnel data: When calling fromgregorian(date=) the parameter should be a date like object.
2025-09-30 01:56:49,174 - ui.attendance_window - ERROR - Error loading attendance data: 'date'
2025-09-30 01:56:49,986 - __main__ - ERROR - Error showing main window: 'NoneType' object has no attribute 'setLayout'
Traceback (most recent call last):
  File "C:\Users\H H\Desktop\faran-payroll\main.py", line 133, in show_main_window
    self.main_window = MainWindow()
                       ~~~~~~~~~~^^
  File "C:\Users\H H\Desktop\faran-payroll\ui\main_window.py", line 24, in __init__
    self.setup_ui()
    ~~~~~~~~~~~~~^^
  File "C:\Users\H H\Desktop\faran-payroll\ui\main_window.py", line 42, in setup_ui
    self.setup_content_area(main_layout)
    ~~~~~~~~~~~~~~~~~~~~~~~^^^^^^^^^^^^^
  File "C:\Users\H H\Desktop\faran-payroll\ui\main_window.py", line 180, in setup_content_area
    'loans': LoansWindow(),
             ~~~~~~~~~~~^^
  File "C:\Users\H H\Desktop\faran-payroll\ui\loans_window.py", line 23, in __init__
    self.setup_ui()
    ~~~~~~~~~~~~~^^
  File "C:\Users\H H\Desktop\faran-payroll\ui\loans_window.py", line 49, in setup_ui
    self.centralWidget().setLayout(main_layout)
    ^^^^^^^^^^^^^^^^^^^^^^^^^^^^^^
AttributeError: 'NoneType' object has no attribute 'setLayout'
2025-09-30 01:56:51,022 - __main__ - INFO - Application cleanup completed
2025-09-30 02:17:00,260 - __main__ - WARNING - PostgreSQL driver (psycopg2) not available - running in demo mode
2025-09-30 02:17:00,260 - __main__ - INFO - Core dependencies are available
2025-09-30 02:17:00,284 - __main__ - INFO - Theme light applied successfully
2025-09-30 02:17:00,285 - __main__ - INFO - No translation file found, using default language
2025-09-30 02:17:00,285 - database.database_manager - INFO - Running in demo mode (no database connection)
2025-09-30 02:17:00,286 - __main__ - INFO - Database connected successfully
2025-09-30 02:17:00,286 - database.database_manager - INFO - Demo mode: Table creation simulated
2025-09-30 02:17:00,287 - __main__ - INFO - Database tables created/verified successfully
2025-09-30 02:17:00,287 - __main__ - INFO - Starting Faran Payroll System...
2025-09-30 02:17:00,455 - __main__ - INFO - Login window displayed successfully
2025-09-30 02:17:18,243 - ui.login_window - INFO - User admin logged in successfully
2025-09-30 02:17:18,244 - __main__ - INFO - Attempting to show main window...
2025-09-30 02:17:18,244 - __main__ - INFO - Closing login window...
2025-09-30 02:17:18,295 - __main__ - INFO - Creating main window instance...
2025-09-30 02:17:18,388 - ui.personnel_window - ERROR - Error loading personnel data: When calling fromgregorian(date=) the parameter should be a date like object.
2025-09-30 02:17:20,071 - ui.attendance_window - ERROR - Error loading attendance data: 'date'
2025-09-30 02:17:21,209 - ui.loans_window - ERROR - Error loading loans data: 'loan_amount'
2025-09-30 02:17:21,873 - ui.advances_window - ERROR - Error loading advances data: 'advance_amount'
2025-09-30 02:17:22,470 - ui.payroll_window - ERROR - Error loading payroll data: 'is_paid'
2025-09-30 02:17:23,154 - __main__ - INFO - Showing main window...
2025-09-30 02:17:23,211 - __main__ - INFO - Main window displayed successfully
2025-09-30 02:18:48,267 - ui.main_window - INFO - User logged out
2025-09-30 02:18:49,642 - ui.main_window - INFO - Application closed by user
2025-09-30 02:18:49,701 - __main__ - INFO - Application exited normally
2025-09-30 02:18:49,701 - __main__ - INFO - Application cleanup completed
